0 info it worked if it ends with ok
1 verbose cli [ 'C:\\Program Files\\nodejs\\node.exe',
1 verbose cli   'C:\\Program Files\\nodejs\\node_modules\\npm\\bin\\npm-cli.js',
1 verbose cli   'run',
1 verbose cli   'wdev' ]
2 info using npm@3.3.12
3 info using node@v5.4.1
4 verbose run-script [ 'prewdev', 'wdev', 'postwdev' ]
5 info lifecycle Gnaas@0.0.0~prewdev: Gnaas@0.0.0
6 silly lifecycle Gnaas@0.0.0~prewdev: no script for prewdev, continuing
7 info lifecycle Gnaas@0.0.0~wdev: Gnaas@0.0.0
8 verbose lifecycle Gnaas@0.0.0~wdev: unsafe-perm in lifecycle true
9 verbose lifecycle Gnaas@0.0.0~wdev: PATH: C:\Program Files\nodejs\node_modules\npm\bin\node-gyp-bin;C:\Users\Breezy\desktop\gnaas\node_modules\.bin;C:\Users\Breezy\bin;C:\Program Files\Git\mingw64\bin;C:\Program Files\Git\usr\local\bin;C:\Program Files\Git\usr\bin;C:\Program Files\Git\usr\bin;C:\Program Files\Git\mingw64\bin;C:\Program Files\Git\usr\bin;C:\Users\Breezy\bin;C:\ProgramData\Oracle\Java\javapath;C:\WINDOWS\system32;C:\WINDOWS;C:\WINDOWS\System32\Wbem;C:\WINDOWS\System32\WindowsPowerShell\v1.0;C:\WINDOWS\system32\config\systemprofile\.dnx\bin;C:\Program Files\Microsoft DNX\Dnvm;C:\MongoDB\bin;C:\Users\Breezy\AppData\Roaming\nvm;C:\Program Files\nodejs;C:\youtube-dl;C:\Program Files (x86)\ATI Technologies\ATI.ACE\Core-Static;C:\Python27;C:\Program Files (x86)\Windows Kits\8.1\Windows Performance Toolkit;C:\Program Files\Java\jdk1.7.0_79;C:\Adb;C:\Program Files\nodejs;C:\Users\Breezy\AppData\Roaming\npm\node_modules;C:\OpenSSH;C:\Program Files\Git\cmd;C:\Program Files\Git\mingw64\bin;C:\Program Files\Git\usr\bin;C:\Ruby193\bin;C:\Users\Breezy\.dnx\bin;C:\Program Files (x86)\NMDVPN\bin;C:\Users\Breezy\AppData\Roaming\nvm;C:\Program Files\nodejs;C:\Users\Breezy\AppData\Roaming\npm;C:\Users\Breezy\AppData\Roaming\npm\node_modules;C:\OPENSSH\ssh.exe;C:\OPENSSH;C:\Program Files\Git\usr\bin\vendor_perl;C:\Program Files\Git\usr\bin\core_perl
10 verbose lifecycle Gnaas@0.0.0~wdev: CWD: C:\Users\Breezy\desktop\gnaas
11 silly lifecycle Gnaas@0.0.0~wdev: Args: [ '/d /s /c', 'set NODE_PATH=./shared&& node --harmony .' ]
12 silly lifecycle Gnaas@0.0.0~wdev: Returned: code: 1  signal: null
13 info lifecycle Gnaas@0.0.0~wdev: Failed to exec wdev script
14 verbose stack Error: Gnaas@0.0.0 wdev: `set NODE_PATH=./shared&& node --harmony .`
14 verbose stack Exit status 1
14 verbose stack     at EventEmitter.<anonymous> (C:\Program Files\nodejs\node_modules\npm\lib\utils\lifecycle.js:232:16)
14 verbose stack     at emitTwo (events.js:87:13)
14 verbose stack     at EventEmitter.emit (events.js:172:7)
14 verbose stack     at ChildProcess.<anonymous> (C:\Program Files\nodejs\node_modules\npm\lib\utils\spawn.js:24:14)
14 verbose stack     at emitTwo (events.js:87:13)
14 verbose stack     at ChildProcess.emit (events.js:172:7)
14 verbose stack     at maybeClose (internal/child_process.js:821:16)
14 verbose stack     at Process.ChildProcess._handle.onexit (internal/child_process.js:211:5)
15 verbose pkgid Gnaas@0.0.0
16 verbose cwd C:\Users\Breezy\desktop\gnaas
17 error Windows_NT 10.0.10586
18 error argv "C:\\Program Files\\nodejs\\node.exe" "C:\\Program Files\\nodejs\\node_modules\\npm\\bin\\npm-cli.js" "run" "wdev"
19 error node v5.4.1
20 error npm  v3.3.12
21 error code ELIFECYCLE
22 error Gnaas@0.0.0 wdev: `set NODE_PATH=./shared&& node --harmony .`
22 error Exit status 1
23 error Failed at the Gnaas@0.0.0 wdev script 'set NODE_PATH=./shared&& node --harmony .'.
23 error Make sure you have the latest version of node.js and npm installed.
23 error If you do, this is most likely a problem with the Gnaas package,
23 error not with npm itself.
23 error Tell the author that this fails on your system:
23 error     set NODE_PATH=./shared&& node --harmony .
23 error You can get their info via:
23 error     npm owner ls Gnaas
23 error There is likely additional logging output above.
24 verbose exit [ 1, true ]
